make[1]: Entering directory '/home/subramd/kivi/kivi/src/kivicore/build/x86'
make[2]: Entering directory '/home/subramd/kivi/kivi/src/kivicore/build/x86'
make[2]: Leaving directory '/home/subramd/kivi/kivi/src/kivicore/build/x86'
[ 47%] Built target kivicore
make[2]: Entering directory '/home/subramd/kivi/kivi/src/kivicore/build/x86'
make[2]: Leaving directory '/home/subramd/kivi/kivi/src/kivicore/build/x86'
[ 49%] Built target rotatekivilog
make[2]: Entering directory '/home/subramd/kivi/kivi/src/kivicore/build/x86'
make[2]: Leaving directory '/home/subramd/kivi/kivi/src/kivicore/build/x86'
[ 51%] Built target testpolicy
make[2]: Entering directory '/home/subramd/kivi/kivi/src/kivicore/build/x86'
make[2]: Leaving directory '/home/subramd/kivi/kivi/src/kivicore/build/x86'
[ 53%] Built target test1plugin
make[2]: Entering directory '/home/subramd/kivi/kivi/src/kivicore/build/x86'
make[2]: Leaving directory '/home/subramd/kivi/kivi/src/kivicore/build/x86'
[ 54%] Built target segvhandler-tests
make[2]: Entering directory '/home/subramd/kivi/kivi/src/kivicore/build/x86'
make[2]: Leaving directory '/home/subramd/kivi/kivi/src/kivicore/build/x86'
[ 56%] Built target logger-tests
make[2]: Entering directory '/home/subramd/kivi/kivi/src/kivicore/build/x86'
make[2]: Leaving directory '/home/subramd/kivi/kivi/src/kivicore/build/x86'
make[2]: Entering directory '/home/subramd/kivi/kivi/src/kivicore/build/x86'
[ 57%] Building CXX object tests/CMakeFiles/kivicore-tests.dir/main.cpp.o
In file included from /home/subramd/sysroots/x86_64/usr/include/gtest/gtest-message.h:57,
                 from /home/subramd/sysroots/x86_64/usr/include/gtest/gtest-assertion-result.h:46,
                 from /home/subramd/sysroots/x86_64/usr/include/gtest/gtest.h:63,
                 from /home/subramd/kivi/kivi/src/kivicore/tests/main.cpp:24:
/home/subramd/sysroots/x86_64/usr/include/gtest/internal/gtest-port.h:260:2: error: #error C++ versions less than C++17 are not supported.
  260 | #error C++ versions less than C++17 are not supported.
      |  ^~~~~
In file included from /home/subramd/sysroots/x86_64/usr/include/gtest/gtest.h:63,
                 from /home/subramd/kivi/kivi/src/kivicore/tests/main.cpp:24:
/home/subramd/sysroots/x86_64/usr/include/gtest/gtest-assertion-result.h: In member function ‘void testing::AssertionResult::AppendMessage(const testing::Message&)’:
/home/subramd/sysroots/x86_64/usr/include/gtest/gtest-assertion-result.h:214:48: error: ‘make_unique’ is not a member of ‘std’
  214 |     if (message_ == nullptr) message_ = ::std::make_unique<::std::string>();
      |                                                ^~~~~~~~~~~
/home/subramd/sysroots/x86_64/usr/include/gtest/gtest-assertion-result.h:214:48: note: ‘std::make_unique’ is only available from C++14 onwards
/home/subramd/sysroots/x86_64/usr/include/gtest/gtest-assertion-result.h:214:73: error: expected primary-expression before ‘>’ token
  214 |     if (message_ == nullptr) message_ = ::std::make_unique<::std::string>();
      |                                                                         ^
/home/subramd/sysroots/x86_64/usr/include/gtest/gtest-assertion-result.h:214:75: error: expected primary-expression before ‘)’ token
  214 |     if (message_ == nullptr) message_ = ::std::make_unique<::std::string>();
      |                                                                           ^
In file included from /home/subramd/sysroots/x86_64/usr/include/gtest/gtest-printers.h:126,
                 from /home/subramd/sysroots/x86_64/usr/include/gtest/gtest-matchers.h:49,
                 from /home/subramd/sysroots/x86_64/usr/include/gtest/internal/gtest-death-test-internal.h:47,
                 from /home/subramd/sysroots/x86_64/usr/include/gtest/gtest-death-test.h:43,
                 from /home/subramd/sysroots/x86_64/usr/include/gtest/gtest.h:64,
                 from /home/subramd/kivi/kivi/src/kivicore/tests/main.cpp:24:
/home/subramd/sysroots/x86_64/usr/include/gtest/internal/gtest-internal.h: At global scope:
/home/subramd/sysroots/x86_64/usr/include/gtest/internal/gtest-internal.h:612:58: error: wrong number of template arguments (0, should be 1)
  612 |   typedef ::std::map<std::string, CodeLocation, std::less<>> RegisteredTestsMap;
      |                                                          ^
In file included from /usr/include/c++/11/string:48,
                 from /usr/include/c++/11/bits/locale_classes.h:40,
                 from /usr/include/c++/11/bits/ios_base.h:41,
                 from /usr/include/c++/11/ios:42,
                 from /usr/include/c++/11/ostream:38,
                 from /usr/include/c++/11/iostream:39,
                 from /home/subramd/kivi/kivi/src/kivicore/tests/main.cpp:23:
/usr/include/c++/11/bits/stl_function.h:395:12: note: provided for ‘template<class _Tp> struct std::less’
  395 |     struct less : public binary_function<_Tp, _Tp, bool>
      |            ^~~~
In file included from /home/subramd/sysroots/x86_64/usr/include/gtest/gtest-printers.h:126,
                 from /home/subramd/sysroots/x86_64/usr/include/gtest/gtest-matchers.h:49,
                 from /home/subramd/sysroots/x86_64/usr/include/gtest/internal/gtest-death-test-internal.h:47,
                 from /home/subramd/sysroots/x86_64/usr/include/gtest/gtest-death-test.h:43,
                 from /home/subramd/sysroots/x86_64/usr/include/gtest/gtest.h:64,
                 from /home/subramd/kivi/kivi/src/kivicore/tests/main.cpp:24:
/home/subramd/sysroots/x86_64/usr/include/gtest/internal/gtest-internal.h:612:59: error: template argument 3 is invalid
  612 |   typedef ::std::map<std::string, CodeLocation, std::less<>> RegisteredTestsMap;
      |                                                           ^~
/home/subramd/sysroots/x86_64/usr/include/gtest/internal/gtest-internal.h: In member function ‘bool testing::internal::TypedTestSuitePState::AddTestName(const char*, int, const char*, const char*)’:
/home/subramd/sysroots/x86_64/usr/include/gtest/internal/gtest-internal.h:590:23: error: request for member ‘emplace’ in ‘((testing::internal::TypedTestSuitePState*)this)->testing::internal::TypedTestSuitePState::registered_tests_’, which is of non-class type ‘testing::internal::TypedTestSuitePState::RegisteredTestsMap’ {aka ‘int’}
  590 |     registered_tests_.emplace(test_name, CodeLocation(file, line));
      |                       ^~~~~~~
/home/subramd/sysroots/x86_64/usr/include/gtest/internal/gtest-internal.h: In member function ‘bool testing::internal::TypedTestSuitePState::TestExists(const string&) const’:
/home/subramd/sysroots/x86_64/usr/include/gtest/internal/gtest-internal.h:595:30: error: request for member ‘count’ in ‘((const testing::internal::TypedTestSuitePState*)this)->testing::internal::TypedTestSuitePState::registered_tests_’, which is of non-class type ‘const RegisteredTestsMap’ {aka ‘const int’}
  595 |     return registered_tests_.count(test_name) > 0;
      |                              ^~~~~
/home/subramd/sysroots/x86_64/usr/include/gtest/internal/gtest-internal.h: In member function ‘const testing::internal::CodeLocation& testing::internal::TypedTestSuitePState::GetCodeLocation(const string&) const’:
/home/subramd/sysroots/x86_64/usr/include/gtest/internal/gtest-internal.h:599:40: error: qualified-id in declaration before ‘it’
  599 |     RegisteredTestsMap::const_iterator it = registered_tests_.find(test_name);
      |                                        ^~
In file included from /home/subramd/sysroots/x86_64/usr/include/gtest/gtest-message.h:57,
                 from /home/subramd/sysroots/x86_64/usr/include/gtest/gtest-assertion-result.h:46,
                 from /home/subramd/sysroots/x86_64/usr/include/gtest/gtest.h:63,
                 from /home/subramd/kivi/kivi/src/kivicore/tests/main.cpp:24:
/home/subramd/sysroots/x86_64/usr/include/gtest/internal/gtest-internal.h:600:18: error: ‘it’ was not declared in this scope; did you mean ‘int’?
  600 |     GTEST_CHECK_(it != registered_tests_.end());
      |                  ^~
/home/subramd/sysroots/x86_64/usr/include/gtest/internal/gtest-port.h:1075:35: note: in definition of macro ‘GTEST_CHECK_’
 1075 |   if (::testing::internal::IsTrue(condition)) \
      |                                   ^~~~~~~~~
/home/subramd/sysroots/x86_64/usr/include/gtest/internal/gtest-internal.h:600:42: error: request for member ‘end’ in ‘((const testing::internal::TypedTestSuitePState*)this)->testing::internal::TypedTestSuitePState::registered_tests_’, which is of non-class type ‘const RegisteredTestsMap’ {aka ‘const int’}
  600 |     GTEST_CHECK_(it != registered_tests_.end());
      |                                          ^~~
/home/subramd/sysroots/x86_64/usr/include/gtest/internal/gtest-port.h:1075:35: note: in definition of macro ‘GTEST_CHECK_’
 1075 |   if (::testing::internal::IsTrue(condition)) \
      |                                   ^~~~~~~~~
In file included from /home/subramd/sysroots/x86_64/usr/include/gtest/gtest-printers.h:126,
                 from /home/subramd/sysroots/x86_64/usr/include/gtest/gtest-matchers.h:49,
                 from /home/subramd/sysroots/x86_64/usr/include/gtest/internal/gtest-death-test-internal.h:47,
                 from /home/subramd/sysroots/x86_64/usr/include/gtest/gtest-death-test.h:43,
                 from /home/subramd/sysroots/x86_64/usr/include/gtest/gtest.h:64,
                 from /home/subramd/kivi/kivi/src/kivicore/tests/main.cpp:24:
/home/subramd/sysroots/x86_64/usr/include/gtest/internal/gtest-internal.h:601:12: error: ‘it’ was not declared in this scope; did you mean ‘int’?
  601 |     return it->second;
      |            ^~
      |            int
/home/subramd/sysroots/x86_64/usr/include/gtest/internal/gtest-internal.h: At global scope:
/home/subramd/sysroots/x86_64/usr/include/gtest/internal/gtest-internal.h:1135:30: error: ‘index_sequence’ is not a member of ‘std’
 1135 | struct ElemFromListImpl<std::index_sequence<I...>> {
      |                              ^~~~~~~~~~~~~~
/home/subramd/sysroots/x86_64/usr/include/gtest/internal/gtest-internal.h:1135:30: error: ‘index_sequence’ is not a member of ‘std’
/home/subramd/sysroots/x86_64/usr/include/gtest/internal/gtest-internal.h:1135:46: error: expected parameter pack before ‘...’
 1135 | struct ElemFromListImpl<std::index_sequence<I...>> {
      |                                              ^~~
/home/subramd/sysroots/x86_64/usr/include/gtest/internal/gtest-internal.h:1135:46: error: template argument 1 is invalid
/home/subramd/sysroots/x86_64/usr/include/gtest/internal/gtest-internal.h:1135:49: error: expected unqualified-id before ‘>’ token
 1135 | struct ElemFromListImpl<std::index_sequence<I...>> {
      |                                                 ^~
/home/subramd/sysroots/x86_64/usr/include/gtest/internal/gtest-internal.h:1146:47: error: ‘make_index_sequence’ is not a member of ‘std’
 1146 |   using type = decltype(ElemFromListImpl<std::make_index_sequence<N>>::Apply(
      |                                               ^~~~~~~~~~~~~~~~~~~
/home/subramd/sysroots/x86_64/usr/include/gtest/internal/gtest-internal.h:1146:47: error: ‘make_index_sequence’ is not a member of ‘std’
/home/subramd/sysroots/x86_64/usr/include/gtest/internal/gtest-internal.h:1146:67: error: template argument 1 is invalid
 1146 |   using type = decltype(ElemFromListImpl<std::make_index_sequence<N>>::Apply(
      |                                                                   ^
/home/subramd/sysroots/x86_64/usr/include/gtest/internal/gtest-internal.h:1146:72: error: ‘::Apply’ has not been declared
 1146 |   using type = decltype(ElemFromListImpl<std::make_index_sequence<N>>::Apply(
      |                                                                        ^~~~~
/home/subramd/sysroots/x86_64/usr/include/gtest/internal/gtest-internal.h:1172:44: error: ‘index_sequence’ is not a member of ‘std’
 1172 | struct FlatTupleBase<FlatTuple<T...>, std::index_sequence<Idx...>>
      |                                            ^~~~~~~~~~~~~~
/home/subramd/sysroots/x86_64/usr/include/gtest/internal/gtest-internal.h:1172:44: error: ‘index_sequence’ is not a member of ‘std’
/home/subramd/sysroots/x86_64/usr/include/gtest/internal/gtest-internal.h:1172:62: error: expected parameter pack before ‘...’
 1172 | struct FlatTupleBase<FlatTuple<T...>, std::index_sequence<Idx...>>
      |                                                              ^~~
/home/subramd/sysroots/x86_64/usr/include/gtest/internal/gtest-internal.h:1172:62: error: template argument 2 is invalid
/home/subramd/sysroots/x86_64/usr/include/gtest/internal/gtest-internal.h:1172:65: error: expected unqualified-id before ‘>’ token
 1172 | struct FlatTupleBase<FlatTuple<T...>, std::index_sequence<Idx...>>
      |                                                                 ^~
/home/subramd/sysroots/x86_64/usr/include/gtest/internal/gtest-internal.h:1214:34: error: ‘make_index_sequence’ is not a member of ‘std’
 1214 |                             std::make_index_sequence<sizeof...(T)>> {
      |                                  ^~~~~~~~~~~~~~~~~~~
/home/subramd/sysroots/x86_64/usr/include/gtest/internal/gtest-internal.h:1214:34: error: ‘make_index_sequence’ is not a member of ‘std’
/home/subramd/sysroots/x86_64/usr/include/gtest/internal/gtest-internal.h:1214:65: error: template argument 2 is invalid
 1214 |                             std::make_index_sequence<sizeof...(T)>> {
      |                                                                 ^
/home/subramd/sysroots/x86_64/usr/include/gtest/internal/gtest-internal.h:1214:66: error: expected ‘{’ before ‘>’ token
 1214 |                             std::make_index_sequence<sizeof...(T)>> {
      |                                                                  ^~
In file included from /home/subramd/sysroots/x86_64/usr/include/gtest/gtest-matchers.h:49,
                 from /home/subramd/sysroots/x86_64/usr/include/gtest/internal/gtest-death-test-internal.h:47,
                 from /home/subramd/sysroots/x86_64/usr/include/gtest/gtest-death-test.h:43,
                 from /home/subramd/sysroots/x86_64/usr/include/gtest/gtest.h:64,
                 from /home/subramd/kivi/kivi/src/kivicore/tests/main.cpp:24:
/home/subramd/sysroots/x86_64/usr/include/gtest/gtest-printers.h:707:17: error: variable or field ‘PrintStringTo’ declared void
  707 | GTEST_API_ void PrintStringTo(::std::string_view s, ::std::ostream* os);
      |                 ^~~~~~~~~~~~~
/home/subramd/sysroots/x86_64/usr/include/gtest/gtest-printers.h:707:38: error: ‘string_view’ is not a member of ‘std’
  707 | GTEST_API_ void PrintStringTo(::std::string_view s, ::std::ostream* os);
      |                                      ^~~~~~~~~~~
/home/subramd/sysroots/x86_64/usr/include/gtest/gtest-printers.h:707:38: note: ‘std::string_view’ is only available from C++17 onwards
/home/subramd/sysroots/x86_64/usr/include/gtest/gtest-printers.h:707:67: error: expected primary-expression before ‘*’ token
  707 | GTEST_API_ void PrintStringTo(::std::string_view s, ::std::ostream* os);
      |                                                                   ^
/home/subramd/sysroots/x86_64/usr/include/gtest/gtest-printers.h:707:69: error: ‘os’ was not declared in this scope
  707 | GTEST_API_ void PrintStringTo(::std::string_view s, ::std::ostream* os);
      |                                                                     ^~
/home/subramd/sysroots/x86_64/usr/include/gtest/gtest-printers.h: In function ‘void testing::internal::PrintTo(const string&, std::ostream*)’:
/home/subramd/sysroots/x86_64/usr/include/gtest/gtest-printers.h:709:3: error: ‘PrintStringTo’ was not declared in this scope; did you mean ‘PrintToString’?
  709 |   PrintStringTo(s, os);
      |   ^~~~~~~~~~~~~
      |   PrintToString
/home/subramd/sysroots/x86_64/usr/include/gtest/gtest-printers.h: At global scope:
/home/subramd/sysroots/x86_64/usr/include/gtest/gtest-printers.h:711:13: error: variable or field ‘PrintTo’ declared void
  711 | inline void PrintTo(::std::string_view s, ::std::ostream* os) {
      |             ^~~~~~~
/home/subramd/sysroots/x86_64/usr/include/gtest/gtest-printers.h:711:28: error: ‘string_view’ is not a member of ‘std’
  711 | inline void PrintTo(::std::string_view s, ::std::ostream* os) {
      |                            ^~~~~~~~~~~
/home/subramd/sysroots/x86_64/usr/include/gtest/gtest-printers.h:711:28: note: ‘std::string_view’ is only available from C++17 onwards
/home/subramd/sysroots/x86_64/usr/include/gtest/gtest-printers.h:711:57: error: expected primary-expression before ‘*’ token
  711 | inline void PrintTo(::std::string_view s, ::std::ostream* os) {
      |                                                         ^
/home/subramd/sysroots/x86_64/usr/include/gtest/gtest-printers.h:711:59: error: ‘os’ was not declared in this scope
  711 | inline void PrintTo(::std::string_view s, ::std::ostream* os) {
      |                                                           ^~
/home/subramd/sysroots/x86_64/usr/include/gtest/gtest-printers.h:727:17: error: variable or field ‘PrintU16StringTo’ declared void
  727 | GTEST_API_ void PrintU16StringTo(::std::u16string_view s, ::std::ostream* os);
      |                 ^~~~~~~~~~~~~~~~
/home/subramd/sysroots/x86_64/usr/include/gtest/gtest-printers.h:727:41: error: ‘u16string_view’ is not a member of ‘std’; did you mean ‘u16string’?
  727 | GTEST_API_ void PrintU16StringTo(::std::u16string_view s, ::std::ostream* os);
      |                                         ^~~~~~~~~~~~~~
      |                                         u16string
/home/subramd/sysroots/x86_64/usr/include/gtest/gtest-printers.h:727:73: error: expected primary-expression before ‘*’ token
  727 | GTEST_API_ void PrintU16StringTo(::std::u16string_view s, ::std::ostream* os);
      |                                                                         ^
/home/subramd/sysroots/x86_64/usr/include/gtest/gtest-printers.h:727:75: error: ‘os’ was not declared in this scope
  727 | GTEST_API_ void PrintU16StringTo(::std::u16string_view s, ::std::ostream* os);
      |                                                                           ^~
/home/subramd/sysroots/x86_64/usr/include/gtest/gtest-printers.h: In function ‘void testing::internal::PrintTo(const u16string&, std::ostream*)’:
/home/subramd/sysroots/x86_64/usr/include/gtest/gtest-printers.h:729:3: error: ‘PrintU16StringTo’ was not declared in this scope; did you mean ‘PrintToString’?
  729 |   PrintU16StringTo(s, os);
      |   ^~~~~~~~~~~~~~~~
      |   PrintToString
/home/subramd/sysroots/x86_64/usr/include/gtest/gtest-printers.h: At global scope:
/home/subramd/sysroots/x86_64/usr/include/gtest/gtest-printers.h:731:13: error: variable or field ‘PrintTo’ declared void
  731 | inline void PrintTo(::std::u16string_view s, ::std::ostream* os) {
      |             ^~~~~~~
/home/subramd/sysroots/x86_64/usr/include/gtest/gtest-printers.h:731:28: error: ‘u16string_view’ is not a member of ‘std’; did you mean ‘u16string’?
  731 | inline void PrintTo(::std::u16string_view s, ::std::ostream* os) {
      |                            ^~~~~~~~~~~~~~
      |                            u16string
/home/subramd/sysroots/x86_64/usr/include/gtest/gtest-printers.h:731:60: error: expected primary-expression before ‘*’ token
  731 | inline void PrintTo(::std::u16string_view s, ::std::ostream* os) {
      |                                                            ^
/home/subramd/sysroots/x86_64/usr/include/gtest/gtest-printers.h:731:62: error: ‘os’ was not declared in this scope
  731 | inline void PrintTo(::std::u16string_view s, ::std::ostream* os) {
      |                                                              ^~
/home/subramd/sysroots/x86_64/usr/include/gtest/gtest-printers.h:736:17: error: variable or field ‘PrintU32StringTo’ declared void
  736 | GTEST_API_ void PrintU32StringTo(::std::u32string_view s, ::std::ostream* os);
      |                 ^~~~~~~~~~~~~~~~
/home/subramd/sysroots/x86_64/usr/include/gtest/gtest-printers.h:736:41: error: ‘u32string_view’ is not a member of ‘std’; did you mean ‘u32string’?
  736 | GTEST_API_ void PrintU32StringTo(::std::u32string_view s, ::std::ostream* os);
      |                                         ^~~~~~~~~~~~~~
      |                                         u32string
/home/subramd/sysroots/x86_64/usr/include/gtest/gtest-printers.h:736:73: error: expected primary-expression before ‘*’ token
  736 | GTEST_API_ void PrintU32StringTo(::std::u32string_view s, ::std::ostream* os);
      |                                                                         ^
/home/subramd/sysroots/x86_64/usr/include/gtest/gtest-printers.h:736:75: error: ‘os’ was not declared in this scope
  736 | GTEST_API_ void PrintU32StringTo(::std::u32string_view s, ::std::ostream* os);
      |                                                                           ^~
/home/subramd/sysroots/x86_64/usr/include/gtest/gtest-printers.h: In function ‘void testing::internal::PrintTo(const u32string&, std::ostream*)’:
/home/subramd/sysroots/x86_64/usr/include/gtest/gtest-printers.h:738:3: error: ‘PrintU32StringTo’ was not declared in this scope; did you mean ‘PrintToString’?
  738 |   PrintU32StringTo(s, os);
      |   ^~~~~~~~~~~~~~~~
      |   PrintToString
/home/subramd/sysroots/x86_64/usr/include/gtest/gtest-printers.h: At global scope:
/home/subramd/sysroots/x86_64/usr/include/gtest/gtest-printers.h:740:13: error: variable or field ‘PrintTo’ declared void
  740 | inline void PrintTo(::std::u32string_view s, ::std::ostream* os) {
      |             ^~~~~~~
/home/subramd/sysroots/x86_64/usr/include/gtest/gtest-printers.h:740:28: error: ‘u32string_view’ is not a member of ‘std’; did you mean ‘u32string’?
  740 | inline void PrintTo(::std::u32string_view s, ::std::ostream* os) {
      |                            ^~~~~~~~~~~~~~
      |                            u32string
/home/subramd/sysroots/x86_64/usr/include/gtest/gtest-printers.h:740:60: error: expected primary-expression before ‘*’ token
  740 | inline void PrintTo(::std::u32string_view s, ::std::ostream* os) {
      |                                                            ^
/home/subramd/sysroots/x86_64/usr/include/gtest/gtest-printers.h:740:62: error: ‘os’ was not declared in this scope
  740 | inline void PrintTo(::std::u32string_view s, ::std::ostream* os) {
      |                                                              ^~
/home/subramd/sysroots/x86_64/usr/include/gtest/gtest-printers.h:746:17: error: variable or field ‘PrintWideStringTo’ declared void
  746 | GTEST_API_ void PrintWideStringTo(::std::wstring_view s, ::std::ostream* os);
      |                 ^~~~~~~~~~~~~~~~~
/home/subramd/sysroots/x86_64/usr/include/gtest/gtest-printers.h:746:42: error: ‘wstring_view’ is not a member of ‘std’
  746 | GTEST_API_ void PrintWideStringTo(::std::wstring_view s, ::std::ostream* os);
      |                                          ^~~~~~~~~~~~
/home/subramd/sysroots/x86_64/usr/include/gtest/gtest-printers.h:746:72: error: expected primary-expression before ‘*’ token
  746 | GTEST_API_ void PrintWideStringTo(::std::wstring_view s, ::std::ostream* os);
      |                                                                        ^
/home/subramd/sysroots/x86_64/usr/include/gtest/gtest-printers.h:746:74: error: ‘os’ was not declared in this scope
  746 | GTEST_API_ void PrintWideStringTo(::std::wstring_view s, ::std::ostream* os);
      |                                                                          ^~
/home/subramd/sysroots/x86_64/usr/include/gtest/gtest-printers.h: In function ‘void testing::internal::PrintTo(const wstring&, std::ostream*)’:
/home/subramd/sysroots/x86_64/usr/include/gtest/gtest-printers.h:748:3: error: ‘PrintWideStringTo’ was not declared in this scope; did you mean ‘PrintToString’?
  748 |   PrintWideStringTo(s, os);
      |   ^~~~~~~~~~~~~~~~~
      |   PrintToString
/home/subramd/sysroots/x86_64/usr/include/gtest/gtest-printers.h: At global scope:
/home/subramd/sysroots/x86_64/usr/include/gtest/gtest-printers.h:750:13: error: variable or field ‘PrintTo’ declared void
  750 | inline void PrintTo(::std::wstring_view s, ::std::ostream* os) {
      |             ^~~~~~~
/home/subramd/sysroots/x86_64/usr/include/gtest/gtest-printers.h:750:28: error: ‘wstring_view’ is not a member of ‘std’
  750 | inline void PrintTo(::std::wstring_view s, ::std::ostream* os) {
      |                            ^~~~~~~~~~~~
/home/subramd/sysroots/x86_64/usr/include/gtest/gtest-printers.h:750:58: error: expected primary-expression before ‘*’ token
  750 | inline void PrintTo(::std::wstring_view s, ::std::ostream* os) {
      |                                                          ^
/home/subramd/sysroots/x86_64/usr/include/gtest/gtest-printers.h:750:60: error: ‘os’ was not declared in this scope
  750 | inline void PrintTo(::std::wstring_view s, ::std::ostream* os) {
      |                                                            ^~
/home/subramd/sysroots/x86_64/usr/include/gtest/gtest-printers.h:922:29: error: ‘any’ is not a member of ‘std’
  922 | class UniversalPrinter<std::any> {
      |                             ^~~
/home/subramd/sysroots/x86_64/usr/include/gtest/gtest-printers.h:922:29: note: ‘std::any’ is only available from C++17 onwards
/home/subramd/sysroots/x86_64/usr/include/gtest/gtest-printers.h:922:29: error: ‘any’ is not a member of ‘std’
/home/subramd/sysroots/x86_64/usr/include/gtest/gtest-printers.h:922:29: note: ‘std::any’ is only available from C++17 onwards
/home/subramd/sysroots/x86_64/usr/include/gtest/gtest-printers.h:922:32: error: template argument 1 is invalid
  922 | class UniversalPrinter<std::any> {
      |                                ^
/home/subramd/sysroots/x86_64/usr/include/gtest/gtest-printers.h:945:29: error: ‘optional’ is not a member of ‘std’
  945 | class UniversalPrinter<std::optional<T>> {
      |                             ^~~~~~~~
/home/subramd/sysroots/x86_64/usr/include/gtest/gtest-printers.h:945:29: note: ‘std::optional’ is only available from C++17 onwards
/home/subramd/sysroots/x86_64/usr/include/gtest/gtest-printers.h:945:29: error: ‘optional’ is not a member of ‘std’
/home/subramd/sysroots/x86_64/usr/include/gtest/gtest-printers.h:945:29: note: ‘std::optional’ is only available from C++17 onwards
/home/subramd/sysroots/x86_64/usr/include/gtest/gtest-printers.h:945:38: error: template argument 1 is invalid
  945 | class UniversalPrinter<std::optional<T>> {
      |                                      ^
/home/subramd/sysroots/x86_64/usr/include/gtest/gtest-printers.h:945:39: error: expected unqualified-id before ‘>’ token
  945 | class UniversalPrinter<std::optional<T>> {
      |                                       ^~
/home/subramd/sysroots/x86_64/usr/include/gtest/gtest-printers.h:959:29: error: ‘nullopt_t’ is not a member of ‘std’; did you mean ‘nullptr_t’?
  959 | class UniversalPrinter<std::nullopt_t> {
      |                             ^~~~~~~~~
      |                             nullptr_t
/home/subramd/sysroots/x86_64/usr/include/gtest/gtest-printers.h:959:29: error: ‘nullopt_t’ is not a member of ‘std’; did you mean ‘nullptr_t’?
  959 | class UniversalPrinter<std::nullopt_t> {
      |                             ^~~~~~~~~
      |                             nullptr_t
/home/subramd/sysroots/x86_64/usr/include/gtest/gtest-printers.h:959:38: error: template argument 1 is invalid
  959 | class UniversalPrinter<std::nullopt_t> {
      |                                      ^
/home/subramd/sysroots/x86_64/usr/include/gtest/gtest-printers.h:966:29: error: ‘variant’ is not a member of ‘std’
  966 | class UniversalPrinter<std::variant<T...>> {
      |                             ^~~~~~~
/home/subramd/sysroots/x86_64/usr/include/gtest/gtest-printers.h:966:29: note: ‘std::variant’ is only available from C++17 onwards
/home/subramd/sysroots/x86_64/usr/include/gtest/gtest-printers.h:966:29: error: ‘variant’ is not a member of ‘std’
/home/subramd/sysroots/x86_64/usr/include/gtest/gtest-printers.h:966:29: note: ‘std::variant’ is only available from C++17 onwards
/home/subramd/sysroots/x86_64/usr/include/gtest/gtest-printers.h:966:38: error: expected parameter pack before ‘...’
  966 | class UniversalPrinter<std::variant<T...>> {
      |                                      ^~~
/home/subramd/sysroots/x86_64/usr/include/gtest/gtest-printers.h:966:38: error: template argument 1 is invalid
/home/subramd/sysroots/x86_64/usr/include/gtest/gtest-printers.h:966:41: error: expected unqualified-id before ‘>’ token
  966 | class UniversalPrinter<std::variant<T...>> {
      |                                         ^~
In file included from /home/subramd/sysroots/x86_64/usr/include/gtest/internal/gtest-death-test-internal.h:47,
                 from /home/subramd/sysroots/x86_64/usr/include/gtest/gtest-death-test.h:43,
                 from /home/subramd/sysroots/x86_64/usr/include/gtest/gtest.h:64,
                 from /home/subramd/kivi/kivi/src/kivicore/tests/main.cpp:24:
/home/subramd/sysroots/x86_64/usr/include/gtest/gtest-matchers.h:725:75: error: wrong number of template arguments (0, should be 1)
  725 | class EqMatcher : public ComparisonBase<EqMatcher<Rhs>, Rhs, std::equal_to<>> {
      |                                                                           ^
In file included from /usr/include/c++/11/string:48,
                 from /usr/include/c++/11/bits/locale_classes.h:40,
                 from /usr/include/c++/11/bits/ios_base.h:41,
                 from /usr/include/c++/11/ios:42,
                 from /usr/include/c++/11/ostream:38,
                 from /usr/include/c++/11/iostream:39,
                 from /home/subramd/kivi/kivi/src/kivicore/tests/main.cpp:23:
/usr/include/c++/11/bits/stl_function.h:365:12: note: provided for ‘template<class _Tp> struct std::equal_to’
  365 |     struct equal_to : public binary_function<_Tp, _Tp, bool>
      |            ^~~~~~~~
In file included from /home/subramd/sysroots/x86_64/usr/include/gtest/internal/gtest-death-test-internal.h:47,
                 from /home/subramd/sysroots/x86_64/usr/include/gtest/gtest-death-test.h:43,
                 from /home/subramd/sysroots/x86_64/usr/include/gtest/gtest.h:64,
                 from /home/subramd/kivi/kivi/src/kivicore/tests/main.cpp:24:
/home/subramd/sysroots/x86_64/usr/include/gtest/gtest-matchers.h:725:76: error: template argument 3 is invalid
  725 | class EqMatcher : public ComparisonBase<EqMatcher<Rhs>, Rhs, std::equal_to<>> {
      |                                                                            ^~
/home/subramd/sysroots/x86_64/usr/include/gtest/gtest-matchers.h: In constructor ‘testing::internal::EqMatcher<Rhs>::EqMatcher(const Rhs&)’:
/home/subramd/sysroots/x86_64/usr/include/gtest/gtest-matchers.h:728:58: error: wrong number of template arguments (0, should be 1)
  728 |       : ComparisonBase<EqMatcher<Rhs>, Rhs, std::equal_to<>>(rhs) {}
      |                                                          ^
In file included from /usr/include/c++/11/string:48,
                 from /usr/include/c++/11/bits/locale_classes.h:40,
                 from /usr/include/c++/11/bits/ios_base.h:41,
                 from /usr/include/c++/11/ios:42,
                 from /usr/include/c++/11/ostream:38,
                 from /usr/include/c++/11/iostream:39,
                 from /home/subramd/kivi/kivi/src/kivicore/tests/main.cpp:23:
/usr/include/c++/11/bits/stl_function.h:365:12: note: provided for ‘template<class _Tp> struct std::equal_to’
  365 |     struct equal_to : public binary_function<_Tp, _Tp, bool>
      |            ^~~~~~~~
In file included from /home/subramd/sysroots/x86_64/usr/include/gtest/internal/gtest-death-test-internal.h:47,
                 from /home/subramd/sysroots/x86_64/usr/include/gtest/gtest-death-test.h:43,
                 from /home/subramd/sysroots/x86_64/usr/include/gtest/gtest.h:64,
                 from /home/subramd/kivi/kivi/src/kivicore/tests/main.cpp:24:
/home/subramd/sysroots/x86_64/usr/include/gtest/gtest-matchers.h:728:59: error: template argument 3 is invalid
  728 |       : ComparisonBase<EqMatcher<Rhs>, Rhs, std::equal_to<>>(rhs) {}
      |                                                           ^~
/home/subramd/sysroots/x86_64/usr/include/gtest/gtest-matchers.h:728:61: error: expected ‘{’ before ‘(’ token
  728 |       : ComparisonBase<EqMatcher<Rhs>, Rhs, std::equal_to<>>(rhs) {}
      |                                                             ^
/home/subramd/sysroots/x86_64/usr/include/gtest/gtest-matchers.h: At global scope:
/home/subramd/sysroots/x86_64/usr/include/gtest/gtest-matchers.h:734:67: error: wrong number of template arguments (0, should be 1)
  734 |     : public ComparisonBase<NeMatcher<Rhs>, Rhs, std::not_equal_to<>> {
      |                                                                   ^
In file included from /usr/include/c++/11/string:48,
                 from /usr/include/c++/11/bits/locale_classes.h:40,
                 from /usr/include/c++/11/bits/ios_base.h:41,
                 from /usr/include/c++/11/ios:42,
                 from /usr/include/c++/11/ostream:38,
                 from /usr/include/c++/11/iostream:39,
                 from /home/subramd/kivi/kivi/src/kivicore/tests/main.cpp:23:
/usr/include/c++/11/bits/stl_function.h:375:12: note: provided for ‘template<class _Tp> struct std::not_equal_to’
  375 |     struct not_equal_to : public binary_function<_Tp, _Tp, bool>
      |            ^~~~~~~~~~~~
In file included from /home/subramd/sysroots/x86_64/usr/include/gtest/internal/gtest-death-test-internal.h:47,
                 from /home/subramd/sysroots/x86_64/usr/include/gtest/gtest-death-test.h:43,
                 from /home/subramd/sysroots/x86_64/usr/include/gtest/gtest.h:64,
                 from /home/subramd/kivi/kivi/src/kivicore/tests/main.cpp:24:
/home/subramd/sysroots/x86_64/usr/include/gtest/gtest-matchers.h:734:68: error: template argument 3 is invalid
  734 |     : public ComparisonBase<NeMatcher<Rhs>, Rhs, std::not_equal_to<>> {
      |                                                                    ^~
/home/subramd/sysroots/x86_64/usr/include/gtest/gtest-matchers.h: In constructor ‘testing::internal::NeMatcher<Rhs>::NeMatcher(const Rhs&)’:
/home/subramd/sysroots/x86_64/usr/include/gtest/gtest-matchers.h:737:62: error: wrong number of template arguments (0, should be 1)
  737 |       : ComparisonBase<NeMatcher<Rhs>, Rhs, std::not_equal_to<>>(rhs) {}
      |                                                              ^
In file included from /usr/include/c++/11/string:48,
                 from /usr/include/c++/11/bits/locale_classes.h:40,
                 from /usr/include/c++/11/bits/ios_base.h:41,
                 from /usr/include/c++/11/ios:42,
                 from /usr/include/c++/11/ostream:38,
                 from /usr/include/c++/11/iostream:39,
                 from /home/subramd/kivi/kivi/src/kivicore/tests/main.cpp:23:
/usr/include/c++/11/bits/stl_function.h:375:12: note: provided for ‘template<class _Tp> struct std::not_equal_to’
  375 |     struct not_equal_to : public binary_function<_Tp, _Tp, bool>
      |            ^~~~~~~~~~~~
In file included from /home/subramd/sysroots/x86_64/usr/include/gtest/internal/gtest-death-test-internal.h:47,
                 from /home/subramd/sysroots/x86_64/usr/include/gtest/gtest-death-test.h:43,
                 from /home/subramd/sysroots/x86_64/usr/include/gtest/gtest.h:64,
                 from /home/subramd/kivi/kivi/src/kivicore/tests/main.cpp:24:
/home/subramd/sysroots/x86_64/usr/include/gtest/gtest-matchers.h:737:63: error: template argument 3 is invalid
  737 |       : ComparisonBase<NeMatcher<Rhs>, Rhs, std::not_equal_to<>>(rhs) {}
      |                                                               ^~
/home/subramd/sysroots/x86_64/usr/include/gtest/gtest-matchers.h:737:65: error: expected ‘{’ before ‘(’ token
  737 |       : ComparisonBase<NeMatcher<Rhs>, Rhs, std::not_equal_to<>>(rhs) {}
      |                                                                 ^
/home/subramd/sysroots/x86_64/usr/include/gtest/gtest-matchers.h: At global scope:
/home/subramd/sysroots/x86_64/usr/include/gtest/gtest-matchers.h:742:71: error: wrong number of template arguments (0, should be 1)
  742 | class LtMatcher : public ComparisonBase<LtMatcher<Rhs>, Rhs, std::less<>> {
      |                                                                       ^
In file included from /usr/include/c++/11/string:48,
                 from /usr/include/c++/11/bits/locale_classes.h:40,
                 from /usr/include/c++/11/bits/ios_base.h:41,
                 from /usr/include/c++/11/ios:42,
                 from /usr/include/c++/11/ostream:38,
                 from /usr/include/c++/11/iostream:39,
                 from /home/subramd/kivi/kivi/src/kivicore/tests/main.cpp:23:
/usr/include/c++/11/bits/stl_function.h:395:12: note: provided for ‘template<class _Tp> struct std::less’
  395 |     struct less : public binary_function<_Tp, _Tp, bool>
      |            ^~~~
In file included from /home/subramd/sysroots/x86_64/usr/include/gtest/internal/gtest-death-test-internal.h:47,
                 from /home/subramd/sysroots/x86_64/usr/include/gtest/gtest-death-test.h:43,
                 from /home/subramd/sysroots/x86_64/usr/include/gtest/gtest.h:64,
                 from /home/subramd/kivi/kivi/src/kivicore/tests/main.cpp:24:
/home/subramd/sysroots/x86_64/usr/include/gtest/gtest-matchers.h:742:72: error: template argument 3 is invalid
  742 | class LtMatcher : public ComparisonBase<LtMatcher<Rhs>, Rhs, std::less<>> {
      |                                                                        ^~
/home/subramd/sysroots/x86_64/usr/include/gtest/gtest-matchers.h: In constructor ‘testing::internal::LtMatcher<Rhs>::LtMatcher(const Rhs&)’:
/home/subramd/sysroots/x86_64/usr/include/gtest/gtest-matchers.h:745:54: error: wrong number of template arguments (0, should be 1)
  745 |       : ComparisonBase<LtMatcher<Rhs>, Rhs, std::less<>>(rhs) {}
      |                                                      ^
In file included from /usr/include/c++/11/string:48,
                 from /usr/include/c++/11/bits/locale_classes.h:40,
                 from /usr/include/c++/11/bits/ios_base.h:41,
                 from /usr/include/c++/11/ios:42,
                 from /usr/include/c++/11/ostream:38,
                 from /usr/include/c++/11/iostream:39,
                 from /home/subramd/kivi/kivi/src/kivicore/tests/main.cpp:23:
/usr/include/c++/11/bits/stl_function.h:395:12: note: provided for ‘template<class _Tp> struct std::less’
  395 |     struct less : public binary_function<_Tp, _Tp, bool>
      |            ^~~~
In file included from /home/subramd/sysroots/x86_64/usr/include/gtest/internal/gtest-death-test-internal.h:47,
                 from /home/subramd/sysroots/x86_64/usr/include/gtest/gtest-death-test.h:43,
                 from /home/subramd/sysroots/x86_64/usr/include/gtest/gtest.h:64,
                 from /home/subramd/kivi/kivi/src/kivicore/tests/main.cpp:24:
/home/subramd/sysroots/x86_64/usr/include/gtest/gtest-matchers.h:745:55: error: template argument 3 is invalid
  745 |       : ComparisonBase<LtMatcher<Rhs>, Rhs, std::less<>>(rhs) {}
      |                                                       ^~
/home/subramd/sysroots/x86_64/usr/include/gtest/gtest-matchers.h:745:57: error: expected ‘{’ before ‘(’ token
  745 |       : ComparisonBase<LtMatcher<Rhs>, Rhs, std::less<>>(rhs) {}
      |                                                         ^
/home/subramd/sysroots/x86_64/usr/include/gtest/gtest-matchers.h: At global scope:
/home/subramd/sysroots/x86_64/usr/include/gtest/gtest-matchers.h:750:74: error: wrong number of template arguments (0, should be 1)
  750 | class GtMatcher : public ComparisonBase<GtMatcher<Rhs>, Rhs, std::greater<>> {
      |                                                                          ^
In file included from /usr/include/c++/11/string:48,
                 from /usr/include/c++/11/bits/locale_classes.h:40,
                 from /usr/include/c++/11/bits/ios_base.h:41,
                 from /usr/include/c++/11/ios:42,
                 from /usr/include/c++/11/ostream:38,
                 from /usr/include/c++/11/iostream:39,
                 from /home/subramd/kivi/kivi/src/kivicore/tests/main.cpp:23:
/usr/include/c++/11/bits/stl_function.h:385:12: note: provided for ‘template<class _Tp> struct std::greater’
  385 |     struct greater : public binary_function<_Tp, _Tp, bool>
      |            ^~~~~~~
In file included from /home/subramd/sysroots/x86_64/usr/include/gtest/internal/gtest-death-test-internal.h:47,
                 from /home/subramd/sysroots/x86_64/usr/include/gtest/gtest-death-test.h:43,
                 from /home/subramd/sysroots/x86_64/usr/include/gtest/gtest.h:64,
                 from /home/subramd/kivi/kivi/src/kivicore/tests/main.cpp:24:
/home/subramd/sysroots/x86_64/usr/include/gtest/gtest-matchers.h:750:75: error: template argument 3 is invalid
  750 | class GtMatcher : public ComparisonBase<GtMatcher<Rhs>, Rhs, std::greater<>> {
      |                                                                           ^~
/home/subramd/sysroots/x86_64/usr/include/gtest/gtest-matchers.h: In constructor ‘testing::internal::GtMatcher<Rhs>::GtMatcher(const Rhs&)’:
/home/subramd/sysroots/x86_64/usr/include/gtest/gtest-matchers.h:753:57: error: wrong number of template arguments (0, should be 1)
  753 |       : ComparisonBase<GtMatcher<Rhs>, Rhs, std::greater<>>(rhs) {}
      |                                                         ^
In file included from /usr/include/c++/11/string:48,
                 from /usr/include/c++/11/bits/locale_classes.h:40,
                 from /usr/include/c++/11/bits/ios_base.h:41,
                 from /usr/include/c++/11/ios:42,
                 from /usr/include/c++/11/ostream:38,
                 from /usr/include/c++/11/iostream:39,
                 from /home/subramd/kivi/kivi/src/kivicore/tests/main.cpp:23:
/usr/include/c++/11/bits/stl_function.h:385:12: note: provided for ‘template<class _Tp> struct std::greater’
  385 |     struct greater : public binary_function<_Tp, _Tp, bool>
      |            ^~~~~~~
In file included from /home/subramd/sysroots/x86_64/usr/include/gtest/internal/gtest-death-test-internal.h:47,
                 from /home/subramd/sysroots/x86_64/usr/include/gtest/gtest-death-test.h:43,
                 from /home/subramd/sysroots/x86_64/usr/include/gtest/gtest.h:64,
                 from /home/subramd/kivi/kivi/src/kivicore/tests/main.cpp:24:
/home/subramd/sysroots/x86_64/usr/include/gtest/gtest-matchers.h:753:58: error: template argument 3 is invalid
  753 |       : ComparisonBase<GtMatcher<Rhs>, Rhs, std::greater<>>(rhs) {}
      |                                                          ^~
/home/subramd/sysroots/x86_64/usr/include/gtest/gtest-matchers.h:753:60: error: expected ‘{’ before ‘(’ token
  753 |       : ComparisonBase<GtMatcher<Rhs>, Rhs, std::greater<>>(rhs) {}
      |                                                            ^
/home/subramd/sysroots/x86_64/usr/include/gtest/gtest-matchers.h: At global scope:
/home/subramd/sysroots/x86_64/usr/include/gtest/gtest-matchers.h:759:65: error: wrong number of template arguments (0, should be 1)
  759 |     : public ComparisonBase<LeMatcher<Rhs>, Rhs, std::less_equal<>> {
      |                                                                 ^
In file included from /usr/include/c++/11/string:48,
                 from /usr/include/c++/11/bits/locale_classes.h:40,
                 from /usr/include/c++/11/bits/ios_base.h:41,
                 from /usr/include/c++/11/ios:42,
                 from /usr/include/c++/11/ostream:38,
                 from /usr/include/c++/11/iostream:39,
                 from /home/subramd/kivi/kivi/src/kivicore/tests/main.cpp:23:
/usr/include/c++/11/bits/stl_function.h:415:12: note: provided for ‘template<class _Tp> struct std::less_equal’
  415 |     struct less_equal : public binary_function<_Tp, _Tp, bool>
      |            ^~~~~~~~~~
In file included from /home/subramd/sysroots/x86_64/usr/include/gtest/internal/gtest-death-test-internal.h:47,
                 from /home/subramd/sysroots/x86_64/usr/include/gtest/gtest-death-test.h:43,
                 from /home/subramd/sysroots/x86_64/usr/include/gtest/gtest.h:64,
                 from /home/subramd/kivi/kivi/src/kivicore/tests/main.cpp:24:
/home/subramd/sysroots/x86_64/usr/include/gtest/gtest-matchers.h:759:66: error: template argument 3 is invalid
  759 |     : public ComparisonBase<LeMatcher<Rhs>, Rhs, std::less_equal<>> {
      |                                                                  ^~
/home/subramd/sysroots/x86_64/usr/include/gtest/gtest-matchers.h: In constructor ‘testing::internal::LeMatcher<Rhs>::LeMatcher(const Rhs&)’:
/home/subramd/sysroots/x86_64/usr/include/gtest/gtest-matchers.h:762:60: error: wrong number of template arguments (0, should be 1)
  762 |       : ComparisonBase<LeMatcher<Rhs>, Rhs, std::less_equal<>>(rhs) {}
      |                                                            ^
In file included from /usr/include/c++/11/string:48,
                 from /usr/include/c++/11/bits/locale_classes.h:40,
                 from /usr/include/c++/11/bits/ios_base.h:41,
                 from /usr/include/c++/11/ios:42,
                 from /usr/include/c++/11/ostream:38,
                 from /usr/include/c++/11/iostream:39,
                 from /home/subramd/kivi/kivi/src/kivicore/tests/main.cpp:23:
/usr/include/c++/11/bits/stl_function.h:415:12: note: provided for ‘template<class _Tp> struct std::less_equal’
  415 |     struct less_equal : public binary_function<_Tp, _Tp, bool>
      |            ^~~~~~~~~~
In file included from /home/subramd/sysroots/x86_64/usr/include/gtest/internal/gtest-death-test-internal.h:47,
                 from /home/subramd/sysroots/x86_64/usr/include/gtest/gtest-death-test.h:43,
                 from /home/subramd/sysroots/x86_64/usr/include/gtest/gtest.h:64,
                 from /home/subramd/kivi/kivi/src/kivicore/tests/main.cpp:24:
/home/subramd/sysroots/x86_64/usr/include/gtest/gtest-matchers.h:762:61: error: template argument 3 is invalid
  762 |       : ComparisonBase<LeMatcher<Rhs>, Rhs, std::less_equal<>>(rhs) {}
      |                                                             ^~
/home/subramd/sysroots/x86_64/usr/include/gtest/gtest-matchers.h:762:63: error: expected ‘{’ before ‘(’ token
  762 |       : ComparisonBase<LeMatcher<Rhs>, Rhs, std::less_equal<>>(rhs) {}
      |                                                               ^
/home/subramd/sysroots/x86_64/usr/include/gtest/gtest-matchers.h: At global scope:
/home/subramd/sysroots/x86_64/usr/include/gtest/gtest-matchers.h:768:68: error: wrong number of template arguments (0, should be 1)
  768 |     : public ComparisonBase<GeMatcher<Rhs>, Rhs, std::greater_equal<>> {
      |                                                                    ^
In file included from /usr/include/c++/11/string:48,
                 from /usr/include/c++/11/bits/locale_classes.h:40,
                 from /usr/include/c++/11/bits/ios_base.h:41,
                 from /usr/include/c++/11/ios:42,
                 from /usr/include/c++/11/ostream:38,
                 from /usr/include/c++/11/iostream:39,
                 from /home/subramd/kivi/kivi/src/kivicore/tests/main.cpp:23:
/usr/include/c++/11/bits/stl_function.h:405:12: note: provided for ‘template<class _Tp> struct std::greater_equal’
  405 |     struct greater_equal : public binary_function<_Tp, _Tp, bool>
      |            ^~~~~~~~~~~~~
In file included from /home/subramd/sysroots/x86_64/usr/include/gtest/internal/gtest-death-test-internal.h:47,
                 from /home/subramd/sysroots/x86_64/usr/include/gtest/gtest-death-test.h:43,
                 from /home/subramd/sysroots/x86_64/usr/include/gtest/gtest.h:64,
                 from /home/subramd/kivi/kivi/src/kivicore/tests/main.cpp:24:
/home/subramd/sysroots/x86_64/usr/include/gtest/gtest-matchers.h:768:69: error: template argument 3 is invalid
  768 |     : public ComparisonBase<GeMatcher<Rhs>, Rhs, std::greater_equal<>> {
      |                                                                     ^~
/home/subramd/sysroots/x86_64/usr/include/gtest/gtest-matchers.h: In constructor ‘testing::internal::GeMatcher<Rhs>::GeMatcher(const Rhs&)’:
/home/subramd/sysroots/x86_64/usr/include/gtest/gtest-matchers.h:771:63: error: wrong number of template arguments (0, should be 1)
  771 |       : ComparisonBase<GeMatcher<Rhs>, Rhs, std::greater_equal<>>(rhs) {}
      |                                                               ^
In file included from /usr/include/c++/11/string:48,
                 from /usr/include/c++/11/bits/locale_classes.h:40,
                 from /usr/include/c++/11/bits/ios_base.h:41,
                 from /usr/include/c++/11/ios:42,
                 from /usr/include/c++/11/ostream:38,
                 from /usr/include/c++/11/iostream:39,
                 from /home/subramd/kivi/kivi/src/kivicore/tests/main.cpp:23:
/usr/include/c++/11/bits/stl_function.h:405:12: note: provided for ‘template<class _Tp> struct std::greater_equal’
  405 |     struct greater_equal : public binary_function<_Tp, _Tp, bool>
      |            ^~~~~~~~~~~~~
In file included from /home/subramd/sysroots/x86_64/usr/include/gtest/internal/gtest-death-test-internal.h:47,
                 from /home/subramd/sysroots/x86_64/usr/include/gtest/gtest-death-test.h:43,
                 from /home/subramd/sysroots/x86_64/usr/include/gtest/gtest.h:64,
                 from /home/subramd/kivi/kivi/src/kivicore/tests/main.cpp:24:
/home/subramd/sysroots/x86_64/usr/include/gtest/gtest-matchers.h:771:64: error: template argument 3 is invalid
  771 |       : ComparisonBase<GeMatcher<Rhs>, Rhs, std::greater_equal<>>(rhs) {}
      |                                                                ^~
/home/subramd/sysroots/x86_64/usr/include/gtest/gtest-matchers.h:771:66: error: expected ‘{’ before ‘(’ token
  771 |       : ComparisonBase<GeMatcher<Rhs>, Rhs, std::greater_equal<>>(rhs) {}
      |                                                                  ^
In file included from /home/subramd/sysroots/x86_64/usr/include/gtest/gtest-param-test.h:182,
                 from /home/subramd/sysroots/x86_64/usr/include/gtest/gtest.h:67,
                 from /home/subramd/kivi/kivi/src/kivicore/tests/main.cpp:24:
/home/subramd/sysroots/x86_64/usr/include/gtest/internal/gtest-param-util.h: At global scope:
/home/subramd/sysroots/x86_64/usr/include/gtest/internal/gtest-param-util.h:815:34: error: ‘std::index_sequence’ has not been declared
  815 |   std::vector<T> MakeVector(std::index_sequence<I...>) const {
      |                                  ^~~~~~~~~~~~~~
/home/subramd/sysroots/x86_64/usr/include/gtest/internal/gtest-param-util.h:815:48: error: expected ‘,’ or ‘...’ before ‘<’ token
  815 |   std::vector<T> MakeVector(std::index_sequence<I...>) const {
      |                                                ^
/home/subramd/sysroots/x86_64/usr/include/gtest/internal/gtest-param-util.h: In member function ‘testing::internal::ValueArray<Ts>::operator testing::internal::ParamGenerator<T>() const’:
/home/subramd/sysroots/x86_64/usr/include/gtest/internal/gtest-param-util.h:810:40: error: ‘make_index_sequence’ is not a member of ‘std’
  810 |     return ValuesIn(MakeVector<T>(std::make_index_sequence<sizeof...(Ts)>()));
      |                                        ^~~~~~~~~~~~~~~~~~~
/home/subramd/sysroots/x86_64/usr/include/gtest/internal/gtest-param-util.h:810:75: error: expected primary-expression before ‘)’ token
  810 |     return ValuesIn(MakeVector<T>(std::make_index_sequence<sizeof...(Ts)>()));
      |                                                                           ^
/home/subramd/sysroots/x86_64/usr/include/gtest/internal/gtest-param-util.h: At global scope:
/home/subramd/sysroots/x86_64/usr/include/gtest/internal/gtest-param-util.h:845:27: error: ‘index_sequence’ is not a member of ‘std’
  845 |   class IteratorImpl<std::index_sequence<I...>>
      |                           ^~~~~~~~~~~~~~
/home/subramd/sysroots/x86_64/usr/include/gtest/internal/gtest-param-util.h:845:27: error: ‘index_sequence’ is not a member of ‘std’
/home/subramd/sysroots/x86_64/usr/include/gtest/internal/gtest-param-util.h:845:43: error: expected parameter pack before ‘...’
  845 |   class IteratorImpl<std::index_sequence<I...>>
      |                                           ^~~
/home/subramd/sysroots/x86_64/usr/include/gtest/internal/gtest-param-util.h:845:43: error: template argument 1 is invalid
/home/subramd/sysroots/x86_64/usr/include/gtest/internal/gtest-param-util.h:845:46: error: expected unqualified-id before ‘>’ token
  845 |   class IteratorImpl<std::index_sequence<I...>>
      |                                              ^~
/home/subramd/sysroots/x86_64/usr/include/gtest/internal/gtest-param-util.h:936:38: error: ‘make_index_sequence’ is not a member of ‘std’
  936 |   using Iterator = IteratorImpl<std::make_index_sequence<sizeof...(T)>>;
      |                                      ^~~~~~~~~~~~~~~~~~~
/home/subramd/sysroots/x86_64/usr/include/gtest/internal/gtest-param-util.h:936:38: error: ‘make_index_sequence’ is not a member of ‘std’
/home/subramd/sysroots/x86_64/usr/include/gtest/internal/gtest-param-util.h:936:69: error: template argument 1 is invalid
  936 |   using Iterator = IteratorImpl<std::make_index_sequence<sizeof...(T)>>;
      |                                                                     ^
/home/subramd/sysroots/x86_64/usr/include/gtest/internal/gtest-param-util.h: In member function ‘testing::internal::ParamIteratorInterface<std::tuple<_Tps ...> >* testing::internal::CartesianProductGenerator<T>::Begin() const’:
/home/subramd/sysroots/x86_64/usr/include/gtest/internal/gtest-param-util.h:835:16: error: expected type-specifier before ‘Iterator’
  835 |     return new Iterator(this, generators_, false);
      |                ^~~~~~~~
/home/subramd/sysroots/x86_64/usr/include/gtest/internal/gtest-param-util.h:835:16: error: expected ‘;’ before ‘Iterator’
/home/subramd/sysroots/x86_64/usr/include/gtest/internal/gtest-param-util.h: In member function ‘testing::internal::ParamIteratorInterface<std::tuple<_Tps ...> >* testing::internal::CartesianProductGenerator<T>::End() const’:
/home/subramd/sysroots/x86_64/usr/include/gtest/internal/gtest-param-util.h:838:16: error: expected type-specifier before ‘Iterator’
  838 |     return new Iterator(this, generators_, true);
      |                ^~~~~~~~
/home/subramd/sysroots/x86_64/usr/include/gtest/internal/gtest-param-util.h:838:16: error: expected ‘;’ before ‘Iterator’
/home/subramd/sysroots/x86_64/usr/include/gtest/internal/gtest-param-util.h: At global scope:
/home/subramd/sysroots/x86_64/usr/include/gtest/internal/gtest-param-util.h:1053:21: error: ‘remove_cv_t’ in namespace ‘std’ does not name a template type; did you mean ‘remove_cv’?
 1053 |   using type = std::remove_cv_t<std::remove_reference_t<P>>;
      |                     ^~~~~~~~~~~
      |                     remove_cv
/home/subramd/sysroots/x86_64/usr/include/gtest/internal/gtest-param-util.h: In instantiation of ‘class testing::internal::ValueArray<bool, bool>’:
/home/subramd/sysroots/x86_64/usr/include/gtest/gtest-param-test.h:360:61:   required from here
/home/subramd/sysroots/x86_64/usr/include/gtest/internal/gtest-param-util.h:819:20: error: ‘testing::internal::ValueArray<Ts>::v_’ has incomplete type
  819 |   FlatTuple<Ts...> v_;
      |                    ^~
In file included from /home/subramd/sysroots/x86_64/usr/include/gtest/gtest-printers.h:126,
                 from /home/subramd/sysroots/x86_64/usr/include/gtest/gtest-matchers.h:49,
                 from /home/subramd/sysroots/x86_64/usr/include/gtest/internal/gtest-death-test-internal.h:47,
                 from /home/subramd/sysroots/x86_64/usr/include/gtest/gtest-death-test.h:43,
                 from /home/subramd/sysroots/x86_64/usr/include/gtest/gtest.h:64,
                 from /home/subramd/kivi/kivi/src/kivicore/tests/main.cpp:24:
/home/subramd/sysroots/x86_64/usr/include/gtest/internal/gtest-internal.h:1212:7: note: declaration of ‘class testing::internal::FlatTuple<bool, bool>’
 1212 | class FlatTuple
      |       ^~~~~~~~~
In file included from /home/subramd/sysroots/x86_64/usr/include/gtest/gtest.h:67,
                 from /home/subramd/kivi/kivi/src/kivicore/tests/main.cpp:24:
/home/subramd/sysroots/x86_64/usr/include/gtest/gtest-param-test.h:483:56: error: missing template arguments before ‘(’ token
  483 |           typename StdFunction = decltype(std::function(std::declval<Func>()))>
      |                                                        ^
/home/subramd/sysroots/x86_64/usr/include/gtest/gtest-param-test.h:493:56: error: missing template arguments before ‘(’ token
  493 |           typename StdFunction = decltype(std::function(std::declval<Func>()))>
      |                                                        ^
/home/subramd/sysroots/x86_64/usr/include/gtest/gtest-param-test.h:494:1: error: ‘ConvertGenerator’ function uses ‘auto’ type specifier without trailing return type
  494 | auto ConvertGenerator(Gen&& gen, Func&& f) {
      | ^~~~
/home/subramd/sysroots/x86_64/usr/include/gtest/gtest-param-test.h:494:1: note: deduced return type only available with ‘-std=c++14’ or ‘-std=gnu++14’
/home/subramd/sysroots/x86_64/usr/include/gtest/gtest-param-test.h: In function ‘auto testing::ConvertGenerator(Gen&&, Func&&)’:
/home/subramd/sysroots/x86_64/usr/include/gtest/gtest-param-test.h:497:6: warning: ‘if constexpr’ only available with ‘-std=c++17’ or ‘-std=gnu++17’
  497 |   if constexpr (is_single_arg_std_function) {
      |      ^~~~~~~~~
In file included from /home/subramd/kivi/kivi/src/kivicore/tests/main.cpp:24:
/home/subramd/sysroots/x86_64/usr/include/gtest/gtest.h: At global scope:
/home/subramd/sysroots/x86_64/usr/include/gtest/gtest.h:301:30: error: ‘std::enable_if_t’ has not been declared
  301 |   template <typename T, std::enable_if_t<std::is_convertible<T, int64_t>::value,
      |                              ^~~~~~~~~~~
/home/subramd/sysroots/x86_64/usr/include/gtest/gtest.h:301:41: error: expected ‘>’ before ‘<’ token
  301 |   template <typename T, std::enable_if_t<std::is_convertible<T, int64_t>::value,
      |                                         ^
In file included from /home/subramd/kivi/kivi/src/kivicore/inc/kstring.h:25,
                 from /home/subramd/kivi/kivi/src/kivicore/inc/kivi.h:25,
                 from /home/subramd/kivi/kivi/src/kivicore/osal/timespec.h:36,
                 from /home/subramd/kivi/kivi/src/kivicore/osal/wait_object.h:30,
                 from /home/subramd/kivi/kivi/src/kivicore/osal/thread.h:32,
                 from /home/subramd/kivi/kivi/src/kivicore/tests/main.cpp:25:
/home/subramd/kivi/kivi/src/kivicore/tests/main.cpp: In function ‘int main(int, char**)’:
/home/subramd/kivi/kivi/src/kivicore/logger/logger.h:44:42: warning: ISO C++ forbids converting a string constant to ‘char*’ [-Wwrite-strings]
   44 | #define InitLogger(...) FUNC(__VA_ARGS__,"KIVI","KIVI")
      |                                          ^~~~~~
/home/subramd/kivi/kivi/src/kivicore/logger/logger.h:45:103: note: in definition of macro ‘FUNC’
   45 | #define FUNC(level,devmode,disableMessages,appId,ctxid, ...) InitLogger(level,devmode,disableMessages,appId,ctxid)
      |                                                                                                       ^~~~~
/home/subramd/kivi/kivi/src/kivicore/tests/main.cpp:43:9: note: in expansion of macro ‘InitLogger’
   43 |         InitLogger(1+64, 1, 0);
      |         ^~~~~~~~~~
/home/subramd/kivi/kivi/src/kivicore/logger/logger.h:44:49: warning: ISO C++ forbids converting a string constant to ‘char*’ [-Wwrite-strings]
   44 | #define InitLogger(...) FUNC(__VA_ARGS__,"KIVI","KIVI")
      |                                                 ^~~~~~
/home/subramd/kivi/kivi/src/kivicore/logger/logger.h:45:109: note: in definition of macro ‘FUNC’
   45 | #define FUNC(level,devmode,disableMessages,appId,ctxid, ...) InitLogger(level,devmode,disableMessages,appId,ctxid)
      |                                                                                                             ^~~~~
/home/subramd/kivi/kivi/src/kivicore/tests/main.cpp:43:9: note: in expansion of macro ‘InitLogger’
   43 |         InitLogger(1+64, 1, 0);
      |         ^~~~~~~~~~
make[2]: *** [tests/CMakeFiles/kivicore-tests.dir/build.make:80: tests/CMakeFiles/kivicore-tests.dir/main.cpp.o] Error 1
make[2]: Leaving directory '/home/subramd/kivi/kivi/src/kivicore/build/x86'
make[1]: *** [CMakeFiles/Makefile2:604: tests/CMakeFiles/kivicore-tests.dir/all] Error 2
make[1]: Leaving directory '/home/subramd/kivi/kivi/src/kivicore/build/x86'
make: *** [Makefile:147: all] Error 2
